[2025-08-13 21:38:49:759][main] INFO  com.dayone.DemoApplication - Starting DemoApplication using Java 1.8.0_202 on DESKTOP-P0VAR6A with PID 23672 (C:\dev\question\demo\build\classes\java\main started by sjwji in C:\dev\question\demo)
[2025-08-13 21:38:49:762][main] INFO  com.dayone.DemoApplication - No active profile set, falling back to default profiles: default
[2025-08-13 21:38:50:1512][main] INFO  o.s.d.r.c.RepositoryConfigurationDelegate - Multiple Spring Data modules found, entering strict repository configuration mode!
[2025-08-13 21:38:50:1515][main] INFO  o.s.d.r.c.RepositoryConfigurationDelegate - Bootstrapping Spring Data JPA repositories in DEFAULT mode.
[2025-08-13 21:38:50:1732][main] INFO  o.s.d.r.c.RepositoryConfigurationDelegate - Finished Spring Data repository scanning in 208 ms. Found 3 JPA repository interfaces.
[2025-08-13 21:38:50:1751][main] INFO  o.s.d.r.c.RepositoryConfigurationDelegate - Multiple Spring Data modules found, entering strict repository configuration mode!
[2025-08-13 21:38:50:1752][main] INFO  o.s.d.r.c.RepositoryConfigurationDelegate - Bootstrapping Spring Data Redis repositories in DEFAULT mode.
[2025-08-13 21:38:50:1776][main] INFO  o.s.d.r.c.RepositoryConfigurationExtensionSupport - Spring Data Redis - Could not safely identify store assignment for repository candidate interface com.dayone.persist.entity.CompanyRepository. If you want this repository to be a Redis repository, consider annotating your entities with one of these annotations: org.springframework.data.redis.core.RedisHash (preferred), or consider extending one of the following types with your repository: org.springframework.data.keyvalue.repository.KeyValueRepository.
[2025-08-13 21:38:50:1778][main] INFO  o.s.d.r.c.RepositoryConfigurationExtensionSupport - Spring Data Redis - Could not safely identify store assignment for repository candidate interface com.dayone.persist.entity.DividendRepository. If you want this repository to be a Redis repository, consider annotating your entities with one of these annotations: org.springframework.data.redis.core.RedisHash (preferred), or consider extending one of the following types with your repository: org.springframework.data.keyvalue.repository.KeyValueRepository.
[2025-08-13 21:38:50:1779][main] INFO  o.s.d.r.c.RepositoryConfigurationExtensionSupport - Spring Data Redis - Could not safely identify store assignment for repository candidate interface com.dayone.persist.entity.MemberRepository. If you want this repository to be a Redis repository, consider annotating your entities with one of these annotations: org.springframework.data.redis.core.RedisHash (preferred), or consider extending one of the following types with your repository: org.springframework.data.keyvalue.repository.KeyValueRepository.
[2025-08-13 21:38:50:1779][main] INFO  o.s.d.r.c.RepositoryConfigurationDelegate - Finished Spring Data repository scanning in 18 ms. Found 0 Redis repository interfaces.
[2025-08-13 21:38:50:2172][main] INFO  o.s.c.s.PostProcessorRegistrationDelegate$BeanPostProcessorChecker - Bean 'org.springframework.security.access.expression.method.DefaultMethodSecurityExpressionHandler@6c1832aa' of type [org.springframework.security.access.expression.method.DefaultMethodSecurityExpressionHandler] is not eligible for getting processed by all BeanPostProcessors (for example: not eligible for auto-proxying)
[2025-08-13 21:38:50:2176][main] INFO  o.s.c.s.PostProcessorRegistrationDelegate$BeanPostProcessorChecker - Bean 'methodSecurityMetadataSource' of type [org.springframework.security.access.method.DelegatingMethodSecurityMetadataSource] is not eligible for getting processed by all BeanPostProcessors (for example: not eligible for auto-proxying)
[2025-08-13 21:38:51:3242][main] INFO  o.s.b.w.e.tomcat.TomcatWebServer - Tomcat initialized with port(s): 8080 (http)
[2025-08-13 21:38:51:3252][main] INFO  o.a.coyote.http11.Http11NioProtocol - Initializing ProtocolHandler ["http-nio-8080"]
[2025-08-13 21:38:51:3253][main] INFO  o.a.catalina.core.StandardService - Starting service [Tomcat]
[2025-08-13 21:38:51:3254][main] INFO  o.a.catalina.core.StandardEngine - Starting Servlet engine: [Apache Tomcat/9.0.54]
[2025-08-13 21:38:51:3379][main] INFO  o.a.c.c.C.[Tomcat].[localhost].[/] - Initializing Spring embedded WebApplicationContext
[2025-08-13 21:38:51:3379][main] INFO  o.s.b.w.s.c.ServletWebServerApplicationContext - Root WebApplicationContext: initialization completed in 2569 ms
[2025-08-13 21:38:51:3415][main] INFO  com.zaxxer.hikari.HikariDataSource - HikariPool-1 - Starting...
[2025-08-13 21:38:52:3614][main] INFO  com.zaxxer.hikari.HikariDataSource - HikariPool-1 - Start completed.
[2025-08-13 21:38:52:3621][main] INFO  o.s.b.a.h.H2ConsoleAutoConfiguration - H2 console available at '/h2-console'. Database available at 'jdbc:h2:mem:dayone'
[2025-08-13 21:38:52:3813][main] INFO  o.h.jpa.internal.util.LogHelper - HHH000204: Processing PersistenceUnitInfo [name: default]
[2025-08-13 21:38:52:3883][main] INFO  org.hibernate.Version - HHH000412: Hibernate ORM core version 5.4.32.Final
[2025-08-13 21:38:52:4063][main] INFO  o.h.annotations.common.Version - HCANN000001: Hibernate Commons Annotations {5.1.2.Final}
[2025-08-13 21:38:52:4231][main] INFO  org.hibernate.dialect.Dialect - HHH000400: Using dialect: org.hibernate.dialect.H2Dialect
[2025-08-13 21:38:53:4978][main] INFO  o.h.e.t.j.p.i.JtaPlatformInitiator - HHH000490: Using JtaPlatform implementation: [org.hibernate.engine.transaction.jta.platform.internal.NoJtaPlatform]
[2025-08-13 21:38:53:4989][main] INFO  o.s.o.j.LocalContainerEntityManagerFactoryBean - Initialized JPA EntityManagerFactory for persistence unit 'default'
[2025-08-13 21:38:54:5613][main] WARN  o.s.b.a.o.j.JpaBaseConfiguration$JpaWebConfiguration - spring.jpa.open-in-view is enabled by default. Therefore, database queries may be performed during view rendering. Explicitly configure spring.jpa.open-in-view to disable this warning
[2025-08-13 21:38:54:6038][main] INFO  o.s.s.w.DefaultSecurityFilterChain - Will secure Ant [pattern='/h2-console/**'] with []
[2025-08-13 21:38:54:6065][main] INFO  o.s.s.w.DefaultSecurityFilterChain - Will secure any request with [org.springframework.security.web.context.request.async.WebAsyncManagerIntegrationFilter@5e7e7a7e, org.springframework.security.web.context.SecurityContextPersistenceFilter@7981963f, org.springframework.security.web.header.HeaderWriterFilter@2cf88901, org.springframework.security.web.authentication.logout.LogoutFilter@1ac3a6f, com.dayone.security.JwtAuthenticationFilter@194224ca, org.springframework.security.web.savedrequest.RequestCacheAwareFilter@b4d83ac, org.springframework.security.web.servletapi.SecurityContextHolderAwareRequestFilter@73ae82da, org.springframework.security.web.authentication.AnonymousAuthenticationFilter@1ff81b0d, org.springframework.security.web.session.SessionManagementFilter@50bb1c1f, org.springframework.security.web.access.ExceptionTranslationFilter@45790cb, org.springframework.security.web.access.intercept.FilterSecurityInterceptor@1d0dad12]
[2025-08-13 21:38:55:6501][main] INFO  o.a.coyote.http11.Http11NioProtocol - Starting ProtocolHandler ["http-nio-8080"]
[2025-08-13 21:38:55:6521][main] INFO  o.s.b.w.e.tomcat.TomcatWebServer - Tomcat started on port(s): 8080 (http) with context path ''
[2025-08-13 21:38:55:6535][main] INFO  com.dayone.DemoApplication - Started DemoApplication in 6.325 seconds (JVM running for 6.836)
